<?xml version="1.0" encoding="UTF-8" ?>
<testsuite failures="0" time="0.094" errors="0" skipped="0" tests="8" name="net.xy.jcms.TranslationTest">
  <properties>
[...]
</properties>
  <testcase time="0.037" classname="net.xy.jcms.TranslationTest" name="testFind"/>
  <testcase time="0.001" classname="net.xy.jcms.TranslationTest" name="testFind1"/>
  <testcase time="0" classname="net.xy.jcms.TranslationTest" name="testFind2"/>
  <testcase time="0.001" classname="net.xy.jcms.TranslationTest" name="testFindReverse"/>
  <testcase time="0" classname="net.xy.jcms.TranslationTest" name="testFindReverse1"/>
  <testcase time="0.002" classname="net.xy.jcms.TranslationTest" name="testFindFailure"/>
  <testcase time="0.001" classname="net.xy.jcms.TranslationTest" name="testFindFailure1"/>
  <testcase time="0" classname="net.xy.jcms.TranslationTest" name="testFindFailure2"/>
</testsuite>